<?xml version="1.0" encoding="UTF-8"?>
<testng-results ignored="0" total="1" passed="1" failed="0" skipped="0">
  <reporter-output>
  </reporter-output>
  <suite started-at="2023-09-26T13:39:48 IST" name="Suite" finished-at="2023-09-26T13:39:57 IST" duration-ms="9285">
    <groups>
    </groups>
    <test started-at="2023-09-26T13:39:48 IST" name="Test" finished-at="2023-09-26T13:39:57 IST" duration-ms="9285">
      <class name="testLayer.LoginTest">
        <test-method is-config="true" signature="setUp()[pri:0, instance:testLayer.LoginTest@460d0a57]" started-at="2023-09-26T13:39:48 IST" name="setUp" finished-at="2023-09-26T13:39:56 IST" duration-ms="8026" status="PASS">
          <reporter-output>
          </reporter-output>
        </test-method> <!-- setUp -->
        <test-method signature="verifyLogin()[pri:0, instance:testLayer.LoginTest@460d0a57]" started-at="2023-09-26T13:39:56 IST" name="verifyLogin" finished-at="2023-09-26T13:39:57 IST" duration-ms="535" status="PASS">
          <reporter-output>
          </reporter-output>
        </test-method> <!-- verifyLogin -->
        <test-method is-config="true" signature="tearDown()[pri:0, instance:testLayer.LoginTest@460d0a57]" started-at="2023-09-26T13:39:57 IST" name="tearDown" finished-at="2023-09-26T13:39:57 IST" duration-ms="632" status="PASS">
          <reporter-output>
          </reporter-output>
        </test-method> <!-- tearDown -->
      </class> <!-- testLayer.LoginTest -->
    </test> <!-- Test -->
  </suite> <!-- Suite -->
</testng-results>
