<?xml version="1.0" encoding="UTF-8"?>
<testng-results ignored="0" total="1" passed="1" failed="0" skipped="0">
  <reporter-output>
  </reporter-output>
  <suite started-at="2023-09-26T13:55:02 IST" name="Suite" finished-at="2023-09-26T13:55:13 IST" duration-ms="11643">
    <groups>
    </groups>
    <test started-at="2023-09-26T13:55:02 IST" name="Test" finished-at="2023-09-26T13:55:13 IST" duration-ms="11643">
      <class name="testLayer.LoginTest">
        <test-method is-config="true" signature="setUp()[pri:0, instance:testLayer.LoginTest@6c64cb25]" started-at="2023-09-26T13:55:02 IST" name="setUp" finished-at="2023-09-26T13:55:12 IST" duration-ms="10213" status="PASS">
          <reporter-output>
          </reporter-output>
        </test-method> <!-- setUp -->
        <test-method signature="verifyLogin()[pri:0, instance:testLayer.LoginTest@6c64cb25]" started-at="2023-09-26T13:55:12 IST" name="verifyLogin" finished-at="2023-09-26T13:55:12 IST" duration-ms="536" status="PASS">
          <reporter-output>
          </reporter-output>
        </test-method> <!-- verifyLogin -->
        <test-method is-config="true" signature="tearDown()[pri:0, instance:testLayer.LoginTest@6c64cb25]" started-at="2023-09-26T13:55:12 IST" name="tearDown" finished-at="2023-09-26T13:55:13 IST" duration-ms="802" status="PASS">
          <reporter-output>
          </reporter-output>
        </test-method> <!-- tearDown -->
      </class> <!-- testLayer.LoginTest -->
    </test> <!-- Test -->
  </suite> <!-- Suite -->
</testng-results>
